2025-09-25T16:52:48.758592 | hG3H18egkSs | Byron Buxton HR — Distance 418 FT | Launch Angle 22.0° | Exit Velocity 110.9 MPH #Shorts | https://www.youtube.com/watch?v=hG3H18egkSs
2025-09-25T16:53:00.581023 | LMJL6d68D_0 | Byron Buxton HR — Distance 437 FT | Launch Angle 23.0° | Exit Velocity 110.2 MPH #Shorts | https://www.youtube.com/watch?v=LMJL6d68D_0
2025-09-25T16:53:06.999772 | OKBjQ5QTZ2Q | Freddie Freeman HR — Distance 411 FT | Launch Angle 21.0° | Exit Velocity 108.6 MPH #Shorts | https://www.youtube.com/watch?v=OKBjQ5QTZ2Q
2025-09-25T16:53:16.236946 | QAbrINpkC-Q | Andy Pages HR — Distance 396 FT | Launch Angle 26.0° | Exit Velocity 104.3 MPH #Shorts | https://www.youtube.com/watch?v=QAbrINpkC-Q
2025-09-25T16:53:25.109212 | mGh5yDGEVLU | Shohei Ohtani HR — Distance 406 FT | Launch Angle 29.0° | Exit Velocity 102.3 MPH #Shorts | https://www.youtube.com/watch?v=mGh5yDGEVLU
2025-09-25T16:53:34.505866 | 6XM2DWVvDnc | Ryan Mountcastle HR — Distance 362 FT | Launch Angle 22.0° | Exit Velocity 105.0 MPH #Shorts | https://www.youtube.com/watch?v=6XM2DWVvDnc
2025-09-25T16:53:43.365588 | RMFZ2jFTbGM | Coby Mayo HR — Distance 413 FT | Launch Angle 22.0° | Exit Velocity 107.6 MPH #Shorts | https://www.youtube.com/watch?v=RMFZ2jFTbGM
2025-09-25T16:53:51.475024 | hlcAA3pjf-w | Dylan Beavers HR — Distance 417 FT | Launch Angle 30.0° | Exit Velocity 107.7 MPH #Shorts | https://www.youtube.com/watch?v=hlcAA3pjf-w
2025-09-25T18:33:03.270092 | ufZzrWXc6ag | MLB Player HR #Shorts | https://www.youtube.com/watch?v=ufZzrWXc6ag
2025-09-25T18:33:08.716958 | ceS3MyXqPcs | MLB Player HR #Shorts | https://www.youtube.com/watch?v=ceS3MyXqPcs
2025-09-25T18:33:14.063511 | 5zskdcmPzK8 | MLB Player HR #Shorts | https://www.youtube.com/watch?v=5zskdcmPzK8
2025-09-25T18:33:19.501651 | NsX4-X3_Nxw | MLB Player HR #Shorts | https://www.youtube.com/watch?v=NsX4-X3_Nxw
2025-09-25T23:39:12.552685 | tt7nTR_cQhE | Vinnie Pasquantino HR — Distance 391 FT | Launch Angle 23.0° | Exit Velocity 101.6 MPH #Shorts | https://www.youtube.com/watch?v=tt7nTR_cQhE
2025-09-25T23:39:17.696528 | gON3KMmt3jc | Jo Adell HR — Distance 404 FT | Launch Angle 38.0° | Exit Velocity 109.0 MPH #Shorts | https://www.youtube.com/watch?v=gON3KMmt3jc
2025-09-25T23:39:22.706264 | u29MUEgTZ_I | Nolan Schanuel HR — Distance 404 FT | Launch Angle 24.0° | Exit Velocity 106.7 MPH #Shorts | https://www.youtube.com/watch?v=u29MUEgTZ_I
2025-09-25T23:39:27.803260 | WMCWgAmGqtQ | Eugenio Suárez HR — Distance 415 FT | Launch Angle 27.0° | Exit Velocity 107.4 MPH #Shorts | https://www.youtube.com/watch?v=WMCWgAmGqtQ
2025-09-25T23:39:33.366027 | v0NGWSUzvhg | Michael A. Taylor HR — Distance 378 FT | Launch Angle 26.0° | Exit Velocity 107.4 MPH #Shorts | https://www.youtube.com/watch?v=v0NGWSUzvhg
2025-09-25T23:39:38.810877 | Fgmwnu9_9j0 | George Springer HR — Distance 369 FT | Launch Angle 27.0° | Exit Velocity 102.4 MPH #Shorts | https://www.youtube.com/watch?v=Fgmwnu9_9j0
2025-09-25T23:39:43.414548 | x94m-TsCys8 | Francisco Lindor HR — Distance 408 FT | Launch Angle 34.0° | Exit Velocity 106.6 MPH #Shorts | https://www.youtube.com/watch?v=x94m-TsCys8
2025-09-25T23:39:48.763265 | jb2qVnO_EDA | Brett Baty HR — Distance 371 FT | Launch Angle 29.0° | Exit Velocity 101.2 MPH #Shorts | https://www.youtube.com/watch?v=jb2qVnO_EDA
2025-09-25T23:39:54.556128 | BOY9TJXcos0 | Seiya Suzuki HR — Distance 434 FT | Launch Angle 30.0° | Exit Velocity 108.4 MPH #Shorts | https://www.youtube.com/watch?v=BOY9TJXcos0
2025-09-25T23:40:00.002611 | N2225bbmteU | Dansby Swanson HR — Distance 402 FT | Launch Angle 31.0° | Exit Velocity 105.2 MPH #Shorts | https://www.youtube.com/watch?v=N2225bbmteU
2025-09-25T23:40:05.327091 | aa8_2xraQL4 | Seiya Suzuki HR — Distance 396 FT | Launch Angle 28.0° | Exit Velocity 101.9 MPH #Shorts | https://www.youtube.com/watch?v=aa8_2xraQL4
2025-09-25T23:40:10.900585 | RJaJoiV-hHI | Jahmai Jones HR — Distance 400 FT | Launch Angle 30.0° | Exit Velocity 110.3 MPH #Shorts | https://www.youtube.com/watch?v=RJaJoiV-hHI
2025-09-25T23:40:16.302300 | 3GyUOhxHwMA | Wenceel Pérez HR — Distance 395 FT | Launch Angle 25.0° | Exit Velocity 107.3 MPH #Shorts | https://www.youtube.com/watch?v=3GyUOhxHwMA
2025-09-25T23:40:23.404888 | cvyaPjl_TJE | Riley Greene HR — Distance 411 FT | Launch Angle 29.0° | Exit Velocity 107.2 MPH #Shorts | https://www.youtube.com/watch?v=cvyaPjl_TJE
2025-09-26T14:44:45.042254 | Z84flKQgKOo | Nico Hoerner HR — Distance 412 FT | Launch Angle 28.0° | Exit Velocity 103.8 MPH #Shorts | https://www.youtube.com/watch?v=Z84flKQgKOo
2025-09-26T20:01:37.784969 | DJo-eHGB71U | Nico Hoerner HR — Distance 412 FT | Launch Angle 28.0° | Exit Velocity 103.8 MPH #Shorts | https://www.youtube.com/watch?v=DJo-eHGB71U
2025-09-26T20:21:08.671608 | FamouNlg_vQ | Edmundo Sosa HR — Distance 366 FT | Launch Angle 26.0° | Exit Velocity 96.0 MPH #Shorts | https://www.youtube.com/watch?v=FamouNlg_vQ
2025-09-27T00:47:03.152662 | wclAZmlaQbo | Giancarlo Stanton HR — Distance 397 FT | Launch Angle 22.0° | Exit Velocity 108.8 MPH | https://www.youtube.com/watch?v=wclAZmlaQbo
2025-09-27T01:07:56.603420 | xNR0LUBc2Z8 | Alejandro Osuna HR — Distance 406 FT | Launch Angle 23.0° | Exit Velocity 105.8 MPH #Shorts | https://www.youtube.com/watch?v=xNR0LUBc2Z8
2025-09-27T01:08:01.629029 | 7xjKCDifBaU | Junior Caminero HR — Distance 367 FT | Launch Angle 20.0° | Exit Velocity 106.4 MPH #Shorts | https://www.youtube.com/watch?v=7xjKCDifBaU
2025-09-27T01:11:42.648278 | XvO7XBIHbXo | Matt Olson HR — Distance 383 FT | Launch Angle 26.0° | Exit Velocity 102.5 MPH #Shorts | https://www.youtube.com/watch?v=XvO7XBIHbXo
2025-09-27T01:15:43.356627 | ip3LKVjPjbw | Christian Walker HR #Shorts | https://www.youtube.com/watch?v=ip3LKVjPjbw
2025-09-27T03:42:48.690789 | uwSegPB9ZwI | Jonathan India HR — Distance 358 FT | Launch Angle 29.0° | Exit Velocity 100.6 MPH | https://www.youtube.com/watch?v=uwSegPB9ZwI
2025-09-27T03:42:54.942008 | qSKh865b4RU | Ketel Marte HR #Shorts | https://www.youtube.com/watch?v=qSKh865b4RU
2025-09-27T03:42:55.449916 | R3tYdqCqHC8 | Ketel Marte HR #Shorts | https://www.youtube.com/watch?v=R3tYdqCqHC8
2025-09-27T04:08:29.312601 | gj-tPyefABQ | Willy Adames HR | https://www.youtube.com/watch?v=gj-tPyefABQ
2025-09-27T13:32:35.151413 | _mTqledqtwo | Aaron Judge HR — Distance 383 FT | Launch Angle 36.0° | Exit Velocity 100.3 MPH #Shorts | https://www.youtube.com/watch?v=_mTqledqtwo
2025-09-27T19:16:59.297350 | UUUsVfg17Zk | Michael Busch HR — Distance 386 FT | Launch Angle 29.0° | Exit Velocity 98.4 MPH | https://www.youtube.com/watch?v=UUUsVfg17Zk
2025-09-27T20:02:05.096232 | wu7ckRbBGBU | Michael Busch HR — Distance 386 FT | Launch Angle 29.0° | Exit Velocity 98.4 MPH #Shorts | https://www.youtube.com/watch?v=wu7ckRbBGBU
2025-09-27T20:28:32.936181 | aOMQ8KZICMI | Jonathan Aranda HR — Distance 409 FT | Launch Angle 29.0° | Exit Velocity 103.2 MPH #Shorts | https://www.youtube.com/watch?v=aOMQ8KZICMI
2025-09-27T23:49:02.573593 | QI_hHyLx7vY | Byron Buxton HR — Distance 386 FT | Launch Angle 34.0° | Exit Velocity 99.1 MPH #Shorts | https://www.youtube.com/watch?v=QI_hHyLx7vY
2025-09-28T00:28:41.072540 | FwrTJkK36Dc | Johnathan Rodríguez HR — Distance 397 FT | Launch Angle 28.0° | Exit Velocity 105.7 MPH #Shorts | https://www.youtube.com/watch?v=FwrTJkK36Dc
2025-09-28T19:11:58.265695 | i2ABw-jfVbQ | MLB Player HR #Shorts | https://www.youtube.com/watch?v=i2ABw-jfVbQ
2025-09-28T20:00:48.220342 | 8CeQI4EkvxU | Masataka Yoshida HR — Distance 384 FT | Launch Angle 24.0° | Exit Velocity 104.8 MPH #Shorts | https://www.youtube.com/watch?v=8CeQI4EkvxU
2025-09-28T21:06:22.648184 | Tqgw2LICRes | Mike Trout HR — Distance 443 FT | Launch Angle 27.0° | Exit Velocity 111.0 MPH #Shorts | https://www.youtube.com/watch?v=Tqgw2LICRes
2025-09-28T21:08:25.165450 | DySfhL0NbiA | Ketel Marte HR — Distance 392 FT | Launch Angle 34.0° | Exit Velocity 106.9 MPH #Shorts | https://www.youtube.com/watch?v=DySfhL0NbiA
2025-09-28T21:11:24.830068 | wX9vMIZxVc4 | Ronald Acuña Jr. HR — Distance 451 FT | Launch Angle 34.0° | Exit Velocity 108.5 MPH #Shorts | https://www.youtube.com/watch?v=wX9vMIZxVc4
2025-09-29T09:46:56.695579 | TIF6GNPPCyA | Seiya Suzuki HR — Distance 379 FT | Launch Angle 24.0° | Exit Velocity 99.1 MPH #Shorts | https://www.youtube.com/watch?v=TIF6GNPPCyA
2025-09-29T13:28:19.717488 | mIrchNYrDvQ | Jorge Polanco HR — Distance 357 FT | Launch Angle 26.0° | Exit Velocity 101.1 MPH #Shorts | https://www.youtube.com/watch?v=mIrchNYrDvQ
2025-09-29T13:28:25.727428 | LVjzXm2aAGI | Geraldo Perdomo HR — Distance 406 FT | Launch Angle 27.0° | Exit Velocity 102.9 MPH #Shorts | https://www.youtube.com/watch?v=LVjzXm2aAGI
2025-09-29T13:28:30.562667 | qsI3j7osFWk | Jackson Chourio HR — Distance 411 FT | Launch Angle 26.0° | Exit Velocity 103.8 MPH #Shorts | https://www.youtube.com/watch?v=qsI3j7osFWk
2025-09-29T13:28:34.863963 | YbUKEpC7MNg | Henry Davis HR — Distance 425 FT | Launch Angle 26.0° | Exit Velocity 109.3 MPH #Shorts | https://www.youtube.com/watch?v=YbUKEpC7MNg
2025-09-29T13:28:40.394173 | chp2x2LZ7w8 | Alejandro Kirk HR — Distance 432 FT | Launch Angle 26.0° | Exit Velocity 109.3 MPH #Shorts | https://www.youtube.com/watch?v=chp2x2LZ7w8
2025-09-29T13:28:47.561995 | VyXsW7ZLeKg | Pete Alonso HR — Distance 410 FT | Launch Angle 23.0° | Exit Velocity 111.4 MPH #Shorts | https://www.youtube.com/watch?v=VyXsW7ZLeKg
2025-09-29T13:28:52.167912 | KNO76MZz47w | Coby Mayo HR — Distance 389 FT | Launch Angle 39.0° | Exit Velocity 105.4 MPH #Shorts | https://www.youtube.com/watch?v=KNO76MZz47w
2025-09-29T13:28:57.280199 | LErN_cOxOvY | Ryan Fitzgerald HR — Distance 413 FT | Launch Angle 34.0° | Exit Velocity 105.8 MPH #Shorts | https://www.youtube.com/watch?v=LErN_cOxOvY
2025-09-29T13:29:03.080911 | xILyabJe_Ow | Pete Crow-Armstrong HR — Distance 398 FT | Launch Angle 37.0° | Exit Velocity 104.4 MPH #Shorts | https://www.youtube.com/watch?v=xILyabJe_Ow
2025-09-29T13:59:44.111627 | woxwQyPbhoc | Colson Montgomery HR — Distance 395 FT | Launch Angle 25.0° | Exit Velocity 104.3 MPH #Shorts | https://www.youtube.com/watch?v=woxwQyPbhoc
2025-09-29T13:59:48.898417 | YtadsTOnNUg | Ezequiel Tovar HR — Distance 427 FT | Launch Angle 28.0° | Exit Velocity 109.3 MPH #Shorts | https://www.youtube.com/watch?v=YtadsTOnNUg
2025-09-29T13:59:57.040698 | HCa42Sk31zI | Mike Trout HR — Distance 395 FT | Launch Angle 23.0° | Exit Velocity 107.2 MPH #Shorts | https://www.youtube.com/watch?v=HCa42Sk31zI
2025-09-29T14:00:02.907006 | tSIs95yOYNc | Jonathan India HR — Distance 358 FT | Launch Angle 29.0° | Exit Velocity 100.6 MPH #Shorts | https://www.youtube.com/watch?v=tSIs95yOYNc
2025-09-29T14:00:07.951103 | yCbQp3RRhnc | Connor Norby HR — Distance 422 FT | Launch Angle 35.0° | Exit Velocity 109.0 MPH #Shorts | https://www.youtube.com/watch?v=yCbQp3RRhnc
2025-09-29T14:00:10.769276 | GgV9j_v9EUE | Tyler O'Neill HR — Distance 394 FT | Launch Angle 30.0° | Exit Velocity 102.2 MPH #Shorts | https://www.youtube.com/watch?v=GgV9j_v9EUE
2025-09-29T14:00:16.574266 | BxM_saFMCKA | Kyle Manzardo HR — Distance 417 FT | Launch Angle 28.0° | Exit Velocity 106.8 MPH #Shorts | https://www.youtube.com/watch?v=BxM_saFMCKA
2025-09-29T14:00:22.409126 | iFpSmV_Mp_8 | Nathan Lukes HR — Distance 399 FT | Launch Angle 26.0° | Exit Velocity 101.7 MPH #Shorts | https://www.youtube.com/watch?v=iFpSmV_Mp_8
2025-09-29T14:00:27.019309 | hr3pqInnnaI | Spencer Horwitz HR — Distance 414 FT | Launch Angle 35.0° | Exit Velocity 102.4 MPH #Shorts | https://www.youtube.com/watch?v=hr3pqInnnaI
2025-09-29T16:13:15.322533 | I8KU2R3RjUk | MLB Player HR #Shorts | https://www.youtube.com/watch?v=I8KU2R3RjUk
2025-09-29T16:13:20.547410 | WoHjjAbck8E | MLB Player HR #Shorts | https://www.youtube.com/watch?v=WoHjjAbck8E
2025-09-29T16:13:26.319919 | J6bFmCrQfyU | MLB Player HR #Shorts | https://www.youtube.com/watch?v=J6bFmCrQfyU
2025-09-29T16:13:30.951467 | F1AERf2YdQo | MLB Player HR #Shorts | https://www.youtube.com/watch?v=F1AERf2YdQo
2025-09-29T16:13:36.851134 | mWQ5-S-2d3o | MLB Player HR #Shorts | https://www.youtube.com/watch?v=mWQ5-S-2d3o
2025-09-29T16:13:42.030671 | JFp9JsYoDIY | MLB Player HR #Shorts | https://www.youtube.com/watch?v=JFp9JsYoDIY
2025-09-29T16:53:08.055772 | ciSy7eXd_u8 | Willy Adames HR — Distance 402 FT | Launch Angle 33.0° | Exit Velocity 110.2 MPH #Shorts | https://www.youtube.com/watch?v=ciSy7eXd_u8
2025-09-29T16:53:14.836117 | R_82jQqFlAg | Michael Busch HR — Distance 414 FT | Launch Angle 31.0° | Exit Velocity 105.0 MPH #Shorts | https://www.youtube.com/watch?v=R_82jQqFlAg
2025-09-29T16:53:20.200471 | ye6XCBLoJWw | Nico Hoerner HR — Distance 412 FT | Launch Angle 28.0° | Exit Velocity 103.8 MPH #Shorts | https://www.youtube.com/watch?v=ye6XCBLoJWw
2025-09-29T16:53:26.145252 | j4wCx1ul0dg | Mike Trout HR — Distance 413 FT | Launch Angle 34.0° | Exit Velocity 107.0 MPH #Shorts | https://www.youtube.com/watch?v=j4wCx1ul0dg
2025-09-29T16:53:31.155584 | VWQv4HyVIy4 | Mike Trout HR — Distance 395 FT | Launch Angle 23.0° | Exit Velocity 107.2 MPH #Shorts | https://www.youtube.com/watch?v=VWQv4HyVIy4
2025-09-29T16:53:37.129161 | zDGLp1qdzL8 | Josh Bell HR — Distance 391 FT | Launch Angle 32.0° | Exit Velocity 104.7 MPH #Shorts | https://www.youtube.com/watch?v=zDGLp1qdzL8
2025-09-29T16:53:41.404303 | 1-L85ZjkISs | Jonathan India HR — Distance 358 FT | Launch Angle 29.0° | Exit Velocity 100.6 MPH #Shorts | https://www.youtube.com/watch?v=1-L85ZjkISs
2025-09-29T16:53:46.145553 | cWj97cHmzWM | Francisco Lindor HR — Distance 392 FT | Launch Angle 23.0° | Exit Velocity 106.4 MPH #Shorts | https://www.youtube.com/watch?v=cWj97cHmzWM
2025-09-29T16:53:51.400265 | 4wmtdIRROAE | Connor Norby HR — Distance 422 FT | Launch Angle 35.0° | Exit Velocity 109.0 MPH #Shorts | https://www.youtube.com/watch?v=4wmtdIRROAE
2025-09-29T16:53:57.678356 | _vZ_7MiaF2g | Aaron Judge HR — Distance 423 FT | Launch Angle 22.0° | Exit Velocity 109.7 MPH #Shorts | https://www.youtube.com/watch?v=_vZ_7MiaF2g
2025-09-29T16:54:02.357613 | G95aBcwEnv8 | Giancarlo Stanton HR — Distance 451 FT | Launch Angle 30.0° | Exit Velocity 112.2 MPH #Shorts | https://www.youtube.com/watch?v=G95aBcwEnv8
2025-09-29T16:54:05.683988 | ouwqPLdtOHo | Tyler O'Neill HR — Distance 394 FT | Launch Angle 30.0° | Exit Velocity 102.2 MPH #Shorts | https://www.youtube.com/watch?v=ouwqPLdtOHo
2025-09-29T16:54:10.186704 | HDITxDPxe1c | Lenyn Sosa HR — Distance 386 FT | Launch Angle 24.0° | Exit Velocity 103.7 MPH #Shorts | https://www.youtube.com/watch?v=HDITxDPxe1c
2025-09-29T16:54:14.869752 | -Ioc9Us1d7c | Giancarlo Stanton HR — Distance 397 FT | Launch Angle 22.0° | Exit Velocity 108.8 MPH #Shorts | https://www.youtube.com/watch?v=-Ioc9Us1d7c
2025-09-29T16:54:18.837353 | yK_lvcs9tFA | Kyle Manzardo HR — Distance 417 FT | Launch Angle 28.0° | Exit Velocity 106.8 MPH #Shorts | https://www.youtube.com/watch?v=yK_lvcs9tFA
2025-09-29T16:54:24.045056 | mkDTWUuJUD0 | Alejandro Osuna HR — Distance 406 FT | Launch Angle 23.0° | Exit Velocity 105.8 MPH #Shorts | https://www.youtube.com/watch?v=mkDTWUuJUD0
2025-09-29T16:54:30.014812 | YFUc-ZXL4gM | Nathan Lukes HR — Distance 399 FT | Launch Angle 26.0° | Exit Velocity 101.7 MPH #Shorts | https://www.youtube.com/watch?v=YFUc-ZXL4gM
2025-09-29T16:54:37.298653 | GUCNbfIvkz0 | Junior Caminero HR — Distance 367 FT | Launch Angle 20.0° | Exit Velocity 106.4 MPH #Shorts | https://www.youtube.com/watch?v=GUCNbfIvkz0
2025-09-29T16:54:41.914188 | KOC1Ymp5_QA | Jonathan Aranda HR — Distance 391 FT | Launch Angle 24.0° | Exit Velocity 108.1 MPH #Shorts | https://www.youtube.com/watch?v=KOC1Ymp5_QA
2025-09-29T16:54:46.462989 | xuySsGfrlpc | Tommy Pham HR — Distance 433 FT | Launch Angle 28.0° | Exit Velocity 107.8 MPH #Shorts | https://www.youtube.com/watch?v=xuySsGfrlpc
2025-09-29T16:54:51.290512 | As2BZyc-JyE | Michael Harris II HR — Distance 407 FT | Launch Angle 27.0° | Exit Velocity 101.0 MPH #Shorts | https://www.youtube.com/watch?v=As2BZyc-JyE
2025-09-29T16:54:56.478119 | gUQ46zvtoGk | Luis García Jr. HR — Distance 409 FT | Launch Angle 25.0° | Exit Velocity 106.6 MPH #Shorts | https://www.youtube.com/watch?v=gUQ46zvtoGk
2025-09-29T16:55:01.331057 | oAGqzOJEtSo | Spencer Horwitz HR — Distance 403 FT | Launch Angle 36.0° | Exit Velocity 105.2 MPH #Shorts | https://www.youtube.com/watch?v=oAGqzOJEtSo
2025-09-29T16:55:06.081822 | 8QVf1tBZnKU | Matt Olson HR — Distance 383 FT | Launch Angle 26.0° | Exit Velocity 102.5 MPH #Shorts | https://www.youtube.com/watch?v=8QVf1tBZnKU
2025-09-29T16:55:10.996161 | F1aH3-xSsF4 | Spencer Horwitz HR — Distance 414 FT | Launch Angle 35.0° | Exit Velocity 102.4 MPH #Shorts | https://www.youtube.com/watch?v=F1aH3-xSsF4
2025-09-29T16:55:16.296964 | _cJrKgNuH5g | CJ Abrams HR — Distance 347 FT | Launch Angle 36.0° | Exit Velocity 98.5 MPH #Shorts | https://www.youtube.com/watch?v=_cJrKgNuH5g
2025-09-29T16:55:20.931062 | 4yZsUQmhEtQ | Luis García Jr. HR — Distance 354 FT | Launch Angle 36.0° | Exit Velocity 97.7 MPH #Shorts | https://www.youtube.com/watch?v=4yZsUQmhEtQ
2025-09-29T16:55:25.946714 | o9gDhoz4aEw | Colson Montgomery HR — Distance 395 FT | Launch Angle 25.0° | Exit Velocity 104.3 MPH #Shorts | https://www.youtube.com/watch?v=o9gDhoz4aEw
2025-09-29T16:55:30.947975 | dKohGCQs6SI | Ezequiel Tovar HR — Distance 427 FT | Launch Angle 28.0° | Exit Velocity 109.3 MPH #Shorts | https://www.youtube.com/watch?v=dKohGCQs6SI
2025-09-29T16:55:35.909552 | 0QpIcM0FYqA | Mike Trout HR — Distance 395 FT | Launch Angle 23.0° | Exit Velocity 107.2 MPH #Shorts | https://www.youtube.com/watch?v=0QpIcM0FYqA
2025-09-29T16:55:40.897311 | bnrwerqos8g | Jonathan India HR — Distance 358 FT | Launch Angle 29.0° | Exit Velocity 100.6 MPH #Shorts | https://www.youtube.com/watch?v=bnrwerqos8g
2025-09-29T16:55:45.301014 | KRwuGLXRQc8 | Connor Norby HR — Distance 422 FT | Launch Angle 35.0° | Exit Velocity 109.0 MPH #Shorts | https://www.youtube.com/watch?v=KRwuGLXRQc8
2025-09-29T16:55:47.891436 | rpU1SVyKUpk | Tyler O'Neill HR — Distance 394 FT | Launch Angle 30.0° | Exit Velocity 102.2 MPH #Shorts | https://www.youtube.com/watch?v=rpU1SVyKUpk
2025-09-29T16:55:52.877884 | gNoVZiU7DoY | Kyle Manzardo HR — Distance 417 FT | Launch Angle 28.0° | Exit Velocity 106.8 MPH #Shorts | https://www.youtube.com/watch?v=gNoVZiU7DoY
2025-09-29T16:55:57.993800 | 1pVe1c5rMJU | Nathan Lukes HR — Distance 399 FT | Launch Angle 26.0° | Exit Velocity 101.7 MPH #Shorts | https://www.youtube.com/watch?v=1pVe1c5rMJU
2025-09-29T16:56:03.427215 | zhwJJ4uCYhk | Spencer Horwitz HR — Distance 414 FT | Launch Angle 35.0° | Exit Velocity 102.4 MPH #Shorts | https://www.youtube.com/watch?v=zhwJJ4uCYhk
2025-09-29T16:56:07.726004 | TQswt6j1jTk | Luis García Jr. HR — Distance 394 FT | Launch Angle 24.0° | Exit Velocity 110.3 MPH #Shorts | https://www.youtube.com/watch?v=TQswt6j1jTk
2025-09-29T16:56:12.383243 | eNi-42XIsoo | Heliot Ramos HR — Distance 439 FT | Launch Angle 24.0° | Exit Velocity 109.8 MPH #Shorts | https://www.youtube.com/watch?v=eNi-42XIsoo
2025-09-29T19:15:38.546360 | W1vJLt4qbTI | Aaron Judge HR — Distance 426 FT | Launch Angle 31.0° | Exit Velocity 112.1 MPH #Shorts | https://www.youtube.com/watch?v=W1vJLt4qbTI
2025-09-29T19:15:42.886268 | GnWXkWM8Ijc | Aaron Judge HR — Distance 424 FT | Launch Angle 31.0° | Exit Velocity 107.2 MPH #Shorts | https://www.youtube.com/watch?v=GnWXkWM8Ijc
2025-09-29T19:15:47.874776 | hIQ-GypP9ow | Aaron Judge HR — Distance 429 FT | Launch Angle 25.0° | Exit Velocity 111.0 MPH #Shorts | https://www.youtube.com/watch?v=hIQ-GypP9ow
2025-09-29T19:15:52.927040 | HjN78EY_AN8 | Aaron Judge HR — Distance 426 FT | Launch Angle 21.0° | Exit Velocity 112.6 MPH #Shorts | https://www.youtube.com/watch?v=HjN78EY_AN8
2025-09-30T16:38:16.989502 | 2WfuQi1hwys | Seiya Suzuki HR — Distance 424 FT | Launch Angle 20.0° | Exit Velocity 112.2 MPH #Shorts | https://www.youtube.com/watch?v=2WfuQi1hwys
2025-09-30T18:06:38.498894 | rY3xCC0iNoM | Seiya Suzuki HR — Distance 424 FT | Launch Angle 20.0° | Exit Velocity 112.2 MPH | https://www.youtube.com/watch?v=rY3xCC0iNoM
2025-09-30T18:22:17.459562 | qWpSVnFAF00 | Carson Kelly HR #Shorts | https://www.youtube.com/watch?v=qWpSVnFAF00
2025-09-30T20:00:49.369687 | tRxQnqlLLLA | Seiya Suzuki HR — Distance 424 FT | Launch Angle 20.0° | Exit Velocity 112.2 MPH #Shorts | https://www.youtube.com/watch?v=tRxQnqlLLLA
2025-09-30T21:18:49.619167 | iwWvqgpzmNE | Anthony Volpe HR — Distance 382 FT | Launch Angle 22.0° | Exit Velocity 105.2 MPH #Shorts | https://www.youtube.com/watch?v=iwWvqgpzmNE
2025-09-30T21:30:24.546642 | MWRgq4fTgVY | Shohei Ohtani HR — Distance 375 FT | Launch Angle 21.0° | Exit Velocity 117.7 MPH #Shorts | https://www.youtube.com/watch?v=MWRgq4fTgVY
2025-09-30T22:10:11.017254 | N-iFyA5Ly94 | Teoscar Hernández HR — Distance 390 FT | Launch Angle 21.0° | Exit Velocity 108.7 MPH #Shorts | https://www.youtube.com/watch?v=N-iFyA5Ly94
2025-09-30T22:10:14.966201 | vJkkz9yOl_c | Tommy Edman HR — Distance 388 FT | Launch Angle 29.0° | Exit Velocity 103.8 MPH #Shorts | https://www.youtube.com/watch?v=vJkkz9yOl_c
2025-09-30T22:39:33.004645 | ZM4patNlfqU | Teoscar Hernández HR — Distance 390 FT | Launch Angle 26.0° | Exit Velocity 104.3 MPH #Shorts | https://www.youtube.com/watch?v=ZM4patNlfqU
2025-09-30T22:53:37.127953 | oeEIXbhkKLM | Shohei Ohtani HR — Distance 454 FT | Launch Angle 34.0° | Exit Velocity 113.5 MPH #Shorts | https://www.youtube.com/watch?v=oeEIXbhkKLM
2025-10-01T01:36:25.195908 | pdxKll2HBZw | Shohei Ohtani HR — Distance 375 FT | Launch Angle 21.0° | Exit Velocity 117.7 MPH #Shorts | https://www.youtube.com/watch?v=pdxKll2HBZw
2025-10-01T16:35:44.594922 | 4eUA9WacfBI | Brayan Rocchio HR — Distance 379 FT | Launch Angle 30.0° | Exit Velocity 96.8 MPH #Shorts | https://www.youtube.com/watch?v=4eUA9WacfBI
2025-10-01T16:38:36.942115 | z0qmoos7uzA | George Valera HR | https://www.youtube.com/watch?v=z0qmoos7uzA
2025-10-01T19:22:14.326530 | J63f7P0Uk8w | Manny Machado HR — Distance 404 FT | Launch Angle 32.0° | Exit Velocity 104.4 MPH #Shorts | https://www.youtube.com/watch?v=J63f7P0Uk8w
2025-10-01T19:22:25.392650 | QGSEK5dq70g | George Valera HR — Distance 411 FT | Launch Angle 26.0° | Exit Velocity 106.6 MPH #Shorts | https://www.youtube.com/watch?v=QGSEK5dq70g
2025-10-01T19:22:35.845183 | 91OYgA8AeaQ | Brayan Rocchio HR — Distance 379 FT | Launch Angle 30.0° | Exit Velocity 96.8 MPH #Shorts | https://www.youtube.com/watch?v=91OYgA8AeaQ
2025-10-01T19:22:46.498395 | kuqhOO4XfxU | Bo Naylor HR #Shorts | https://www.youtube.com/watch?v=kuqhOO4XfxU
2025-10-01T19:22:57.368670 | sVpabg-aa0A | Manny Machado HR — Distance 404 FT | Launch Angle 32.0° | Exit Velocity 104.4 MPH #Shorts | https://www.youtube.com/watch?v=sVpabg-aa0A
2025-10-01T19:23:04.653938 | Qi1c2vuezD0 | Ben Rice HR — Distance 364 FT | Launch Angle 21.0° | Exit Velocity 106.6 MPH #Shorts | https://www.youtube.com/watch?v=Qi1c2vuezD0
2025-10-01T20:10:07.691914 | wNmZ2KDTAHA | Manny Machado HR — Distance 404 FT | Launch Angle 32.0° | Exit Velocity 104.4 MPH | https://www.youtube.com/watch?v=wNmZ2KDTAHA
2025-10-02T18:02:08.312108 | SQDXc0mLkpw | Dillon Dingler HR — Distance 401 FT | Launch Angle 32.0° | Exit Velocity 104.1 MPH #Shorts | https://www.youtube.com/watch?v=SQDXc0mLkpw
2025-10-02T20:01:46.427147 | Z_3mt6vMAT4 | Dillon Dingler HR — Distance 401 FT | Launch Angle 32.0° | Exit Velocity 104.1 MPH #Shorts | https://www.youtube.com/watch?v=Z_3mt6vMAT4
2025-10-02T21:09:48.338164 | e04GwKLlCPQ | Michael Busch HR — Distance 400 FT | Launch Angle 28.0° | Exit Velocity 107.0 MPH #Shorts | https://www.youtube.com/watch?v=e04GwKLlCPQ
2025-10-04T14:21:19.224594 | LB3lfDodLTs | Michael Busch HR — Distance 389 FT | Launch Angle 35.0° | Exit Velocity 98.9 MPH #Shorts | https://www.youtube.com/watch?v=LB3lfDodLTs
2025-10-04T20:01:19.285462 | 05a_ORnI9u0 | Michael Busch HR — Distance 389 FT | Launch Angle 35.0° | Exit Velocity 98.9 MPH #Shorts | https://www.youtube.com/watch?v=05a_ORnI9u0
2025-10-04T20:09:21.078579 | d1kdo7m97DQ | Vladimir Guerrero Jr. HR — Distance 367 FT | Launch Angle 37.0° | Exit Velocity 101.2 MPH #Shorts | https://www.youtube.com/watch?v=d1kdo7m97DQ
2025-10-04T22:09:50.384697 | 8A1CCkkRadU | Teoscar Hernández HR — Distance 394 FT | Launch Angle 36.0° | Exit Velocity 102.9 MPH #Shorts | https://www.youtube.com/watch?v=8A1CCkkRadU
2025-10-05T17:15:11.642185 | d2UimcgCv94 | Ernie Clement HR — Distance 354 FT | Launch Angle 33.0° | Exit Velocity 94.1 MPH #Shorts | https://www.youtube.com/watch?v=d2UimcgCv94
2025-10-05T20:02:43.563552 | IJ0NOuzoJ68 | Ernie Clement HR — Distance 354 FT | Launch Angle 33.0° | Exit Velocity 94.1 MPH #Shorts | https://www.youtube.com/watch?v=IJ0NOuzoJ68
2025-10-05T22:09:29.455342 | K3Ev9kLo5FA | Jorge Polanco HR — Distance 392 FT | Launch Angle 22.0° | Exit Velocity 103.4 MPH #Shorts | https://www.youtube.com/watch?v=K3Ev9kLo5FA
2025-10-06T21:26:05.199636 | VCP9jk1x8T8 | Seiya Suzuki HR — Distance 440 FT | Launch Angle 26.0° | Exit Velocity 111.7 MPH #Shorts | https://www.youtube.com/watch?v=VCP9jk1x8T8
2025-10-07T20:24:02.866351 | IOrpZXmaRv8 | Vladimir Guerrero Jr. HR — Distance 427 FT | Launch Angle 27.0° | Exit Velocity 110.5 MPH #Shorts | https://www.youtube.com/watch?v=IOrpZXmaRv8
2025-10-07T20:33:05.247620 | uwwcSeAukcg | Eugenio Suárez HR — Distance 422 FT | Launch Angle 31.0° | Exit Velocity 104.8 MPH #Shorts | https://www.youtube.com/watch?v=uwwcSeAukcg
2025-10-08T17:22:27.138482 | 4kFR1BkhNZg | Javier Báez HR #Shorts | https://www.youtube.com/watch?v=4kFR1BkhNZg
2025-10-08T17:25:03.071160 | FZgrpH1OHy8 | Riley Greene HR — Distance 454 FT | Launch Angle 26.0° | Exit Velocity 111.9 MPH #Shorts | https://www.youtube.com/watch?v=FZgrpH1OHy8
2025-10-08T20:02:52.279320 | GKhvBgpX4qE | Riley Greene HR — Distance 454 FT | Launch Angle 26.0° | Exit Velocity 111.9 MPH #Shorts | https://www.youtube.com/watch?v=GKhvBgpX4qE
2025-10-08T20:29:30.681507 | 5YVGzys4mdY | Riley Greene HR — Distance 454 FT | Launch Angle 26.0° | Exit Velocity 111.9 MPH #Shorts | https://www.youtube.com/watch?v=5YVGzys4mdY
2025-10-08T20:29:35.133213 | st9-4vfWsBg | Javier Báez HR #Shorts | https://www.youtube.com/watch?v=st9-4vfWsBg
2025-10-08T20:29:39.954939 | kJnJ_y8ybpI | Gleyber Torres HR — Distance 344 FT | Launch Angle 34.0° | Exit Velocity 99.0 MPH #Shorts | https://www.youtube.com/watch?v=kJnJ_y8ybpI
2025-10-08T20:29:44.773504 | KlC7YbmZlZo | Michael Busch HR — Distance 377 FT | Launch Angle 36.0° | Exit Velocity 108.5 MPH #Shorts | https://www.youtube.com/watch?v=KlC7YbmZlZo
2025-10-08T20:29:49.861102 | UjcF4MyHmuk | Ryan McMahon HR — Distance 357 FT | Launch Angle 24.0° | Exit Velocity 102.8 MPH #Shorts | https://www.youtube.com/watch?v=UjcF4MyHmuk
2025-10-08T22:42:35.888077 | olU_Z0hHs9I | Michael Busch HR — Distance 377 FT | Launch Angle 36.0° | Exit Velocity 108.5 MPH #Shorts | https://www.youtube.com/watch?v=olU_Z0hHs9I
2025-10-09T02:24:49.985520 | 8h0socDKAqE | Ryan McMahon HR #Shorts | https://www.youtube.com/watch?v=8h0socDKAqE
2025-10-09T03:00:50.161690 | hJvPt_G9bt8 | Tommy Edman HR — Distance 393 FT | Launch Angle 25.0° | Exit Velocity 100.6 MPH #Shorts | https://www.youtube.com/watch?v=hJvPt_G9bt8
2025-10-09T22:42:34.081236 | i1vhAE_2_qw | Ian Happ HR #Shorts | https://www.youtube.com/watch?v=i1vhAE_2_qw
2025-10-10T22:02:41.958455 | bSRASShikqU | Kerry Carpenter HR — Distance 411 FT | Launch Angle 36.0° | Exit Velocity 105.5 MPH | https://www.youtube.com/watch?v=bSRASShikqU
2025-10-10T22:11:14.772955 | GNYsB0KL1Vc | Kerry Carpenter HR #Shorts | https://www.youtube.com/watch?v=GNYsB0KL1Vc
2025-10-12T20:56:42.332231 | wiLNGGWiVd8 | George Springer HR — Distance 385 FT | Launch Angle 28.0° | Exit Velocity 109.4 MPH #Shorts | https://www.youtube.com/watch?v=wiLNGGWiVd8
2025-10-13T17:25:17.518635 | a0sXXq-Vu4g | Julio Rodríguez HR — Distance 370 FT | Launch Angle 26.0° | Exit Velocity 106.9 MPH #Shorts | https://www.youtube.com/watch?v=a0sXXq-Vu4g
2025-10-13T20:11:15.248086 | -BkOa23SgE4 | Julio Rodríguez HR — Distance 370 FT | Launch Angle 26.0° | Exit Velocity 106.9 MPH #Shorts | https://www.youtube.com/watch?v=-BkOa23SgE4
2025-10-13T22:16:16.269189 | 8XJAk8wNMog | MLB Player HR #Shorts | https://www.youtube.com/watch?v=8XJAk8wNMog
2025-10-14T20:46:24.588535 | jQ9_d0EzPU0 | Teoscar Hernández HR — Distance 377 FT | Launch Angle 39.0° | Exit Velocity 105.9 MPH #Shorts | https://www.youtube.com/watch?v=jQ9_d0EzPU0
2025-10-14T20:49:25.969447 | Tm_Oh-EaQQk | Jackson Chourio HR — Distance 389 FT | Launch Angle 27.0° | Exit Velocity 106.4 MPH #Shorts | https://www.youtube.com/watch?v=Tm_Oh-EaQQk
2025-10-15T20:39:25.796733 | a_DTWDc7-HU | Julio Rodríguez HR — Distance 414 FT | Launch Angle 22.0° | Exit Velocity 112.2 MPH #Shorts | https://www.youtube.com/watch?v=a_DTWDc7-HU
2025-10-16T21:12:29.508430 | LYCA9P3yQxI | Josh Naylor HR — Distance 394 FT | Launch Angle 31.0° | Exit Velocity 102.6 MPH #Shorts | https://www.youtube.com/watch?v=LYCA9P3yQxI
2025-10-17T20:29:20.366412 | kSi8irmwLcY | Eugenio Suárez HR — Distance 396 FT | Launch Angle 28.0° | Exit Velocity 102.2 MPH #Shorts | https://www.youtube.com/watch?v=kSi8irmwLcY
2025-10-18T00:10:44.821296 | ZOKhPj7px9s | Shohei Ohtani HR — Distance 446 FT | Launch Angle 25.0° | Exit Velocity 116.5 MPH #Shorts | https://www.youtube.com/watch?v=ZOKhPj7px9s
2025-10-20T21:22:33.363689 | ixATKyymtPw | Julio Rodríguez HR — Distance 423 FT | Launch Angle 23.0° | Exit Velocity 108.6 MPH #Shorts | https://www.youtube.com/watch?v=ixATKyymtPw
2025-10-25T00:56:38.804616 | YSXbzxYXMe4 | Daulton Varsho HR — Distance 423 FT | Launch Angle 25.0° | Exit Velocity 109.0 MPH #Shorts | https://www.youtube.com/watch?v=YSXbzxYXMe4
2025-10-25T22:07:21.152477 | RpTlcgg_c44 | Will Smith HR — Distance 404 FT | Launch Angle 29.0° | Exit Velocity 107.5 MPH #Shorts | https://www.youtube.com/watch?v=RpTlcgg_c44
2025-10-27T20:54:01.632642 | IySPRcW-S1Q | Teoscar Hernández HR — Distance 412 FT | Launch Angle 31.0° | Exit Velocity 109.0 MPH #Shorts | https://www.youtube.com/watch?v=IySPRcW-S1Q
2025-10-28T21:07:52.860759 | 8sHo0HG69hs | Vladimir Guerrero Jr. HR — Distance 395 FT | Launch Angle 25.0° | Exit Velocity 102.7 MPH #Shorts | https://www.youtube.com/watch?v=8sHo0HG69hs
2025-10-28T21:08:52.173091 | dvjEHuvXrWw | Vladimir Guerrero Jr. HR — Distance 395 FT | Launch Angle 25.0° | Exit Velocity 102.7 MPH #Shorts | https://www.youtube.com/watch?v=dvjEHuvXrWw
2025-10-28T21:09:52.884428 | r2fWacd0geA | Vladimir Guerrero Jr. HR — Distance 395 FT | Launch Angle 25.0° | Exit Velocity 102.7 MPH #Shorts | https://www.youtube.com/watch?v=r2fWacd0geA
2025-10-29T20:13:17.792249 | Fyg5xOtNgqw | Vladimir Guerrero Jr. HR — Distance 394 FT | Launch Angle 24.0° | Exit Velocity 104.4 MPH #Shorts | https://www.youtube.com/watch?v=Fyg5xOtNgqw
2025-10-29T20:38:22.817644 | I6h2-SnHGVg | Davis Schneider HR — Distance 373 FT | Launch Angle 34.0° | Exit Velocity 97.5 MPH #Shorts | https://www.youtube.com/watch?v=I6h2-SnHGVg
2025-10-29T20:38:22.986964 | SfFdjg8X6U4 | Davis Schneider HR — Distance 373 FT | Launch Angle 34.0° | Exit Velocity 97.5 MPH #Shorts | https://www.youtube.com/watch?v=SfFdjg8X6U4
2025-11-02T01:32:30.918700 | IIvSidj6VAM | Bo Bichette HR — Distance 442 FT | Launch Angle 24.0° | Exit Velocity 110.1 MPH #Shorts | https://www.youtube.com/watch?v=IIvSidj6VAM
